<?xml version="1.0" encoding="UTF-8"?>
<testng-results ignored="0" total="2" passed="2" failed="0" skipped="0">
  <reporter-output>
  </reporter-output>
  <suite started-at="2022-06-09T16:26:07 IST" name="Suite" finished-at="2022-06-09T16:26:18 IST" duration-ms="10963">
    <groups>
    </groups>
    <test started-at="2022-06-09T16:26:07 IST" name="Test" finished-at="2022-06-09T16:26:18 IST" duration-ms="10963">
      <class name="tests.One">
        <test-method is-config="true" signature="setup()[pri:0, instance:tests.One@298a5e20]" started-at="2022-06-09T16:26:07 IST" name="setup" finished-at="2022-06-09T16:26:09 IST" duration-ms="1895" status="PASS">
          <reporter-output>
          </reporter-output>
        </test-method> <!-- setup -->
        <test-method signature="testOne()[pri:0, instance:tests.One@298a5e20]" started-at="2022-06-09T16:26:09 IST" name="testOne" finished-at="2022-06-09T16:26:13 IST" duration-ms="4119" status="PASS">
          <reporter-output>
          </reporter-output>
        </test-method> <!-- testOne -->
        <test-method is-config="true" signature="tearDown()[pri:0, instance:tests.One@298a5e20]" started-at="2022-06-09T16:26:13 IST" name="tearDown" finished-at="2022-06-09T16:26:13 IST" duration-ms="158" status="PASS">
          <reporter-output>
          </reporter-output>
        </test-method> <!-- tearDown -->
      </class> <!-- tests.One -->
      <class name="tests.Three">
        <test-method is-config="true" signature="setup()[pri:0, instance:tests.Three@2d901eb0]" started-at="2022-06-09T16:26:13 IST" name="setup" finished-at="2022-06-09T16:26:14 IST" duration-ms="445" status="PASS">
          <reporter-output>
          </reporter-output>
        </test-method> <!-- setup -->
        <test-method signature="testThree()[pri:0, instance:tests.Three@2d901eb0]" started-at="2022-06-09T16:26:14 IST" name="testThree" finished-at="2022-06-09T16:26:18 IST" duration-ms="4153" status="PASS">
          <reporter-output>
          </reporter-output>
        </test-method> <!-- testThree -->
        <test-method is-config="true" signature="tearDown()[pri:0, instance:tests.Three@2d901eb0]" started-at="2022-06-09T16:26:18 IST" name="tearDown" finished-at="2022-06-09T16:26:18 IST" duration-ms="140" status="PASS">
          <reporter-output>
          </reporter-output>
        </test-method> <!-- tearDown -->
      </class> <!-- tests.Three -->
    </test> <!-- Test -->
  </suite> <!-- Suite -->
</testng-results>
